<?xml version="1.0" encoding="UTF-8"?>
<!-- Generated by org.testng.reporters.JUnitReportReporter -->
<testsuite hostname="LAPTOP-I82ML3AD" failures="0" tests="1" name="testpkg.testclass" time="20.520" errors="0" timestamp="2025-03-25T11:37:26 IST" skipped="0">
  <testcase classname="testpkg.testclass" name="verifylogin" time="20.520"/>
  <system-out/>
</testsuite> <!-- testpkg.testclass -->
